<?xml version="1.0" encoding="utf-8"?><testsuites name="pytest tests"><testsuite name="pytest" errors="0" failures="0" skipped="0" tests="22" time="5.805" timestamp="2026-02-13T08:39:03.826905+00:00" hostname="agent-env-36aa4015-e0a4-43b9-bd01-67c10c183f71"><testcase classname="backend.tests.test_luminalms_api.TestAuthEndpoints" name="test_admin_login" time="0.369" /><testcase classname="backend.tests.test_luminalms_api.TestAuthEndpoints" name="test_student_login" time="0.354" /><testcase classname="backend.tests.test_luminalms_api.TestAuthEndpoints" name="test_lecturer_login" time="0.382" /><testcase classname="backend.tests.test_luminalms_api.TestAuthEndpoints" name="test_invalid_login" time="0.133" /><testcase classname="backend.tests.test_luminalms_api.TestDashboardStats" name="test_dashboard_stats" time="0.580" /><testcase classname="backend.tests.test_luminalms_api.TestSystemConfig" name="test_get_system_config" time="0.136" /><testcase classname="backend.tests.test_luminalms_api.TestSystemConfig" name="test_update_branding_settings" time="0.146" /><testcase classname="backend.tests.test_luminalms_api.TestSystemConfig" name="test_update_login_page_settings" time="0.104" /><testcase classname="backend.tests.test_luminalms_api.TestSystemConfig" name="test_update_bank_details" time="0.298" /><testcase classname="backend.tests.test_luminalms_api.TestSystemConfig" name="test_restore_original_settings" time="0.170" /><testcase classname="backend.tests.test_luminalms_api.TestUserManagement" name="test_get_all_users" time="0.131" /><testcase classname="backend.tests.test_luminalms_api.TestUserManagement" name="test_filter_users_by_role_student" time="0.100" /><testcase classname="backend.tests.test_luminalms_api.TestUserManagement" name="test_filter_users_by_role_lecturer" time="0.134" /><testcase classname="backend.tests.test_luminalms_api.TestUserManagement" name="test_get_single_user" time="0.211" /><testcase classname="backend.tests.test_luminalms_api.TestUserLockUnlock" name="test_lock_user" time="0.391" /><testcase classname="backend.tests.test_luminalms_api.TestUserLockUnlock" name="test_unlock_user" time="0.228" /><testcase classname="backend.tests.test_luminalms_api.TestStudentExpelReinstate" name="test_expel_student" time="0.444" /><testcase classname="backend.tests.test_luminalms_api.TestStudentExpelReinstate" name="test_reinstate_student" time="0.316" /><testcase classname="backend.tests.test_luminalms_api.TestStudentExpelReinstate" name="test_expel_non_student_fails" time="0.405" /><testcase classname="backend.tests.test_luminalms_api.TestEditUser" name="test_update_user_name" time="0.330" /><testcase classname="backend.tests.test_luminalms_api.TestEditUser" name="test_update_payment_status" time="0.123" /><testcase classname="backend.tests.test_luminalms_api.TestEditUser" name="test_update_student_level" time="0.167" /></testsuite></testsuites>