<?xml version="1.0" encoding="utf-8"?><testsuites name="pytest tests"><testsuite name="pytest" errors="0" failures="0" skipped="0" tests="13" time="16.378" timestamp="2026-02-19T16:48:29.846205+00:00" hostname="agent-env-5e9adf55-c1ed-4ab0-bef0-cf719d4fbe0c"><testcase classname="backend.tests.test_two_stage_payment.TestLoginEndpoints" name="test_admin_login_success" time="0.641" /><testcase classname="backend.tests.test_two_stage_payment.TestLoginEndpoints" name="test_student_login_success" time="0.621" /><testcase classname="backend.tests.test_two_stage_payment.TestApplicationCreation" name="test_application_create_returns_stripe_checkout" time="0.892" /><testcase classname="backend.tests.test_two_stage_payment.TestStripeWebhook" name="test_webhook_updates_application_to_pending" time="1.964" /><testcase classname="backend.tests.test_two_stage_payment.TestApprovalFlow" name="test_approval_creates_enrollment_with_pending_payment" time="2.974" /><testcase classname="backend.tests.test_two_stage_payment.TestMyCoursesEndpoint" name="test_my_courses_returns_enrollment_status" time="0.937" /><testcase classname="backend.tests.test_two_stage_payment.TestTuitionPaymentEndpoint" name="test_tuition_pay_returns_stripe_checkout" time="1.598" /><testcase classname="backend.tests.test_two_stage_payment.TestTuitionStatusEndpoint" name="test_tuition_status_returns_payment_status" time="1.942" /><testcase classname="backend.tests.test_two_stage_payment.TestTuitionWebhookUnlocksCourse" name="test_tuition_webhook_unlocks_course" time="3.305" /><testcase classname="backend.tests.test_two_stage_payment.TestEdgeCases" name="test_tuition_pay_requires_auth" time="0.003" /><testcase classname="backend.tests.test_two_stage_payment.TestEdgeCases" name="test_tuition_pay_requires_course_id" time="0.729" /><testcase classname="backend.tests.test_two_stage_payment.TestEdgeCases" name="test_my_courses_requires_auth" time="0.003" /><testcase classname="backend.tests.test_two_stage_payment.TestEdgeCases" name="test_application_duplicate_rejected" time="0.436" /></testsuite></testsuites>