<?xml version="1.0" encoding="utf-8"?><testsuites name="pytest tests"><testsuite name="pytest" errors="0" failures="0" skipped="0" tests="31" time="7.549" timestamp="2026-02-13T09:43:47.175630+00:00" hostname="agent-env-36aa4015-e0a4-43b9-bd01-67c10c183f71"><testcase classname="backend.tests.test_luminalms_api.TestAuthEndpoints" name="test_admin_login" time="0.510" /><testcase classname="backend.tests.test_luminalms_api.TestAuthEndpoints" name="test_student_login" time="0.320" /><testcase classname="backend.tests.test_luminalms_api.TestAuthEndpoints" name="test_lecturer_login" time="0.357" /><testcase classname="backend.tests.test_luminalms_api.TestAuthEndpoints" name="test_invalid_login" time="0.096" /><testcase classname="backend.tests.test_luminalms_api.TestDashboardStats" name="test_dashboard_stats" time="0.477" /><testcase classname="backend.tests.test_luminalms_api.TestSystemConfig" name="test_get_system_config" time="0.123" /><testcase classname="backend.tests.test_luminalms_api.TestSystemConfig" name="test_update_branding_settings" time="0.096" /><testcase classname="backend.tests.test_luminalms_api.TestSystemConfig" name="test_update_login_page_settings" time="0.142" /><testcase classname="backend.tests.test_luminalms_api.TestSystemConfig" name="test_update_bank_details" time="0.109" /><testcase classname="backend.tests.test_luminalms_api.TestSystemConfig" name="test_restore_original_settings" time="0.136" /><testcase classname="backend.tests.test_luminalms_api.TestUserManagement" name="test_get_all_users" time="0.136" /><testcase classname="backend.tests.test_luminalms_api.TestUserManagement" name="test_filter_users_by_role_student" time="0.392" /><testcase classname="backend.tests.test_luminalms_api.TestUserManagement" name="test_filter_users_by_role_lecturer" time="0.105" /><testcase classname="backend.tests.test_luminalms_api.TestUserManagement" name="test_get_single_user" time="0.268" /><testcase classname="backend.tests.test_luminalms_api.TestUserLockUnlock" name="test_lock_user" time="0.567" /><testcase classname="backend.tests.test_luminalms_api.TestUserLockUnlock" name="test_unlock_user" time="0.256" /><testcase classname="backend.tests.test_luminalms_api.TestStudentExpelReinstate" name="test_expel_student" time="0.474" /><testcase classname="backend.tests.test_luminalms_api.TestStudentExpelReinstate" name="test_reinstate_student" time="0.232" /><testcase classname="backend.tests.test_luminalms_api.TestStudentExpelReinstate" name="test_expel_non_student_fails" time="0.186" /><testcase classname="backend.tests.test_luminalms_api.TestEditUser" name="test_update_user_name" time="0.227" /><testcase classname="backend.tests.test_luminalms_api.TestEditUser" name="test_update_payment_status" time="0.100" /><testcase classname="backend.tests.test_luminalms_api.TestEditUser" name="test_update_student_level" time="0.099" /><testcase classname="backend.tests.test_luminalms_api.TestCoursesAPI" name="test_get_all_courses" time="0.091" /><testcase classname="backend.tests.test_luminalms_api.TestCoursesAPI" name="test_get_single_course" time="0.253" /><testcase classname="backend.tests.test_luminalms_api.TestCoursesAPI" name="test_update_course" time="0.332" /><testcase classname="backend.tests.test_luminalms_api.TestModulesAndLessons" name="test_get_course_modules" time="0.205" /><testcase classname="backend.tests.test_luminalms_api.TestModulesAndLessons" name="test_create_module" time="0.138" /><testcase classname="backend.tests.test_luminalms_api.TestModulesAndLessons" name="test_add_lesson_to_module" time="0.508" /><testcase classname="backend.tests.test_luminalms_api.TestModulesAndLessons" name="test_upload_quiz_to_module" time="0.336" /><testcase classname="backend.tests.test_luminalms_api.TestApplicationsAPI" name="test_get_all_applications" time="0.092" /><testcase classname="backend.tests.test_luminalms_api.TestApplicationsAPI" name="test_filter_applications_by_status" time="0.094" /></testsuite></testsuites>