<?xml version="1.0" encoding="utf-8"?><testsuites name="pytest tests"><testsuite name="pytest" errors="0" failures="0" skipped="0" tests="21" time="14.156" timestamp="2026-02-19T08:08:37.898799+00:00" hostname="agent-env-7a16337b-fe7f-450a-97cc-7e7625a2d4c2"><testcase classname="tests.test_gitb_lms.TestSystemConfig" name="test_get_system_config" time="1.408" /><testcase classname="tests.test_gitb_lms.TestAuthentication" name="test_login_success" time="0.826" /><testcase classname="tests.test_gitb_lms.TestAuthentication" name="test_login_invalid_credentials" time="0.233" /><testcase classname="tests.test_gitb_lms.TestAuthentication" name="test_login_missing_email" time="0.151" /><testcase classname="tests.test_gitb_lms.TestAuthentication" name="test_forgot_password" time="1.455" /><testcase classname="tests.test_gitb_lms.TestAuthentication" name="test_forgot_password_invalid_email" time="0.136" /><testcase classname="tests.test_gitb_lms.TestAuthentication" name="test_reset_password_invalid_token" time="0.232" /><testcase classname="tests.test_gitb_lms.TestPublicCourses" name="test_get_public_courses" time="0.460" /><testcase classname="tests.test_gitb_lms.TestPublicCourses" name="test_get_public_course_by_id" time="0.323" /><testcase classname="tests.test_gitb_lms.TestPublicCourses" name="test_get_public_course_not_found" time="0.243" /><testcase classname="tests.test_gitb_lms.TestCourseCRUD" name="test_get_courses_authenticated" time="0.984" /><testcase classname="tests.test_gitb_lms.TestCourseCRUD" name="test_create_course" time="1.089" /><testcase classname="tests.test_gitb_lms.TestCourseCRUD" name="test_get_course_by_id" time="1.092" /><testcase classname="tests.test_gitb_lms.TestCourseCRUD" name="test_get_courses_unauthenticated" time="0.101" /><testcase classname="tests.test_gitb_lms.TestApplicationsWithStripe" name="test_create_application" time="0.921" /><testcase classname="tests.test_gitb_lms.TestApplicationsWithStripe" name="test_create_application_invalid_course" time="0.219" /><testcase classname="tests.test_gitb_lms.TestApplicationsWithStripe" name="test_create_application_missing_fields" time="0.106" /><testcase classname="tests.test_gitb_lms.TestApplicationsWithStripe" name="test_get_application_status" time="1.189" /><testcase classname="tests.test_gitb_lms.TestAdminFeatures" name="test_get_auth_me" time="0.963" /><testcase classname="tests.test_gitb_lms.TestAdminFeatures" name="test_get_users" time="0.967" /><testcase classname="tests.test_gitb_lms.TestAdminFeatures" name="test_get_applications" time="0.965" /></testsuite></testsuites>