<?xml version="1.0" encoding="utf-8"?><testsuites name="pytest tests"><testsuite name="pytest" errors="0" failures="0" skipped="0" tests="14" time="4.322" timestamp="2026-02-13T15:17:11.682919+00:00" hostname="agent-env-9c715a1f-2d9c-4c7e-85ee-e56d369d1128"><testcase classname="backend.tests.test_upload_features.TestAuthSetup" name="test_admin_login" time="0.537" /><testcase classname="backend.tests.test_upload_features.TestPublicCourseEndpoints" name="test_get_public_courses" time="0.422" /><testcase classname="backend.tests.test_upload_features.TestPublicCourseEndpoints" name="test_get_public_course_detail" time="0.410" /><testcase classname="backend.tests.test_upload_features.TestPublicCourseEndpoints" name="test_public_course_404_for_invalid_id" time="0.194" /><testcase classname="backend.tests.test_upload_features.TestDocumentUploadEndpoint" name="test_document_upload_endpoint_exists" time="0.145" /><testcase classname="backend.tests.test_upload_features.TestDocumentUploadEndpoint" name="test_document_upload_with_valid_image" time="0.183" /><testcase classname="backend.tests.test_upload_features.TestDocumentUploadEndpoint" name="test_document_upload_accepts_pdf" time="0.133" /><testcase classname="backend.tests.test_upload_features.TestDocumentUploadEndpoint" name="test_document_upload_rejects_invalid_type" time="0.120" /><testcase classname="backend.tests.test_upload_features.TestCourseImageUploadEndpoint" name="test_course_image_upload_requires_auth" time="0.148" /><testcase classname="backend.tests.test_upload_features.TestCourseImageUploadEndpoint" name="test_course_image_upload_with_auth" time="0.541" /><testcase classname="backend.tests.test_upload_features.TestCourseImageUploadEndpoint" name="test_course_image_rejects_invalid_type" time="0.228" /><testcase classname="backend.tests.test_upload_features.TestServeUploadedFiles" name="test_serve_uploaded_file" time="0.340" /><testcase classname="backend.tests.test_upload_features.TestServeUploadedFiles" name="test_serve_nonexistent_file_returns_404" time="0.331" /><testcase classname="backend.tests.test_upload_features.TestDashboardEndpoints" name="test_admin_dashboard_stats" time="0.516" /></testsuite></testsuites>