<?xml version="1.0" encoding="utf-8"?><testsuites name="pytest tests"><testsuite name="pytest" errors="0" failures="0" skipped="0" tests="13" time="1.492" timestamp="2026-02-13T13:34:45.472751+00:00" hostname="agent-env-cc8e1e3e-b2fe-496d-a8a7-4fe43593c63d"><testcase classname="tests.test_school_api.TestPublicCoursesAPI" name="test_public_courses_endpoint_exists" time="0.006" /><testcase classname="tests.test_school_api.TestPublicCoursesAPI" name="test_public_courses_returns_array" time="0.005" /><testcase classname="tests.test_school_api.TestPublicCoursesAPI" name="test_public_courses_have_required_fields" time="0.005" /><testcase classname="tests.test_school_api.TestPublicCourseDetail" name="test_public_course_detail_endpoint" time="0.007" /><testcase classname="tests.test_school_api.TestPublicCourseDetail" name="test_public_course_detail_not_found" time="0.002" /><testcase classname="tests.test_school_api.TestAdminLogin" name="test_admin_login_success" time="0.229" /><testcase classname="tests.test_school_api.TestAdminLogin" name="test_admin_login_invalid_credentials" time="0.227" /><testcase classname="tests.test_school_api.TestAdminDashboard" name="test_admin_get_users" time="0.234" /><testcase classname="tests.test_school_api.TestTransactionsAPI" name="test_transactions_endpoint_exists" time="0.231" /><testcase classname="tests.test_school_api.TestApplicationsAPI" name="test_applications_endpoint_exists" time="0.231" /><testcase classname="tests.test_school_api.TestSystemConfig" name="test_system_config_exists" time="0.002" /><testcase classname="tests.test_school_api.TestApplicationCreation" name="test_application_create_requires_valid_course" time="0.002" /><testcase classname="tests.test_school_api.TestApplicationCreation" name="test_application_create_with_valid_course" time="0.259" /></testsuite></testsuites>